<?xml version="1.0" encoding="UTF-8"?>
<testsuite name="org.jsoup.select.TraversorTest" tests="5" skipped="0" failures="0" errors="0" timestamp="2023-01-23T18:33:28" hostname="Xipeng-Songs-MacBook-Pro.local" time="0.001">
  <properties/>
  <testcase name="filterStop" classname="org.jsoup.select.TraversorTest" time="0.0"/>
  <testcase name="filterVisit" classname="org.jsoup.select.TraversorTest" time="0.001"/>
  <testcase name="filterSkipChildren" classname="org.jsoup.select.TraversorTest" time="0.0"/>
  <testcase name="filterSkipEntirely" classname="org.jsoup.select.TraversorTest" time="0.0"/>
  <testcase name="filterRemove" classname="org.jsoup.select.TraversorTest" time="0.0"/>
  <system-out><![CDATA[]]></system-out>
  <system-err><![CDATA[]]></system-err>
</testsuite>
