<?xml version="1.0" encoding="UTF-8"?>
<testsuite name="org.jsoup.parser.ParserTest" tests="2" skipped="0" failures="0" errors="0" timestamp="2023-01-23T18:33:28" hostname="Xipeng-Songs-MacBook-Pro.local" time="0.001">
  <properties/>
  <testcase name="unescapeEntitiesHandlesLargeInput" classname="org.jsoup.parser.ParserTest" time="0.0"/>
  <testcase name="unescapeEntities" classname="org.jsoup.parser.ParserTest" time="0.0"/>
  <system-out><![CDATA[]]></system-out>
  <system-err><![CDATA[]]></system-err>
</testsuite>
