<?xml version="1.0" encoding="UTF-8"?>
<testsuite name="org.jsoup.parser.HtmlTreeBuilderStateTest" tests="1" skipped="0" failures="0" errors="0" timestamp="2023-01-23T18:33:28" hostname="Xipeng-Songs-MacBook-Pro.local" time="0.001">
  <properties/>
  <testcase name="ensureArraysAreSorted" classname="org.jsoup.parser.HtmlTreeBuilderStateTest" time="0.001"/>
  <system-out><![CDATA[]]></system-out>
  <system-err><![CDATA[]]></system-err>
</testsuite>
